<?xml version="1.0" encoding="UTF-8"?>
<!-- Generated by org.testng.reporters.JUnitReportReporter -->
<testsuite hostname="Srikar" failures="0" tests="1" name="NewTest1" time="4.974" errors="0" timestamp="2020-07-20T19:02:30 IST" skipped="0">
  <testcase classname="NewTest1" name="f" time="4.974"/>
  <system-out/>
</testsuite> <!-- NewTest1 -->
