<?xml version="1.0" encoding="UTF-8"?>
<!-- Generated by org.testng.reporters.JUnitReportReporter -->
<testsuite hostname="Srikar" failures="0" tests="1" name="NewTest4" time="2.683" errors="0" timestamp="2020-07-22T15:09:25 IST" skipped="0">
  <testcase classname="NewTest4" name="f" time="2.683"/>
  <system-out/>
</testsuite> <!-- NewTest4 -->
