<?xml version="1.0" encoding="UTF-8"?>
<!-- Generated by org.testng.reporters.JUnitReportReporter -->
<testsuite hostname="Srikar" failures="0" tests="1" name="NewTest" time="4.511" errors="0" timestamp="2020-07-20T16:10:26 IST" skipped="0">
  <testcase classname="NewTest" name="f" time="4.511"/>
  <system-out/>
</testsuite> <!-- NewTest -->
