<?xml version="1.0" encoding="UTF-8"?>
<!-- Generated by org.testng.reporters.JUnitReportReporter -->
<testsuite hostname="Srikar" failures="0" tests="1" name="NewTest3" time="5.667" errors="0" timestamp="2020-07-22T13:38:20 IST" skipped="0">
  <testcase classname="NewTest3" name="f" time="5.667"/>
  <system-out/>
</testsuite> <!-- NewTest3 -->
