<?xml version="1.0" encoding="UTF-8"?>
<!-- Generated by org.testng.reporters.JUnitReportReporter -->
<testsuite hostname="Srikar" failures="0" tests="1" name="NewTest" time="12.667" errors="0" timestamp="2020-07-23T11:31:53 IST" skipped="0">
  <testcase classname="NewTest" name="f" time="12.667"/>
  <system-out/>
</testsuite> <!-- NewTest -->
