<?xml version="1.0" encoding="UTF-8"?>
<!-- Generated by org.testng.reporters.JUnitReportReporter -->
<testsuite hostname="Srikar" failures="0" tests="1" name="NewTest2" time="4.500" errors="0" timestamp="2020-07-21T10:04:32 IST" skipped="0">
  <testcase classname="NewTest2" name="f" time="4.500"/>
  <system-out/>
</testsuite> <!-- NewTest2 -->
