<?xml version="1.0" encoding="UTF-8"?>
<!-- Generated by org.testng.reporters.JUnitReportReporter -->
<testsuite hostname="Srikar" failures="0" tests="1" name="serviceRequest.Test1" time="8.322" errors="0" timestamp="2020-07-20T12:06:42 IST" skipped="0">
  <testcase classname="serviceRequest.Test1" name="f" time="8.322"/>
  <system-out/>
</testsuite> <!-- serviceRequest.Test1 -->
