<?xml version="1.0" encoding="UTF-8"?>
<!-- Generated by org.testng.reporters.JUnitReportReporter -->
<testsuite hostname="Srikar" failures="0" tests="1" name="serviceRequest.getData" time="4.143" errors="0" timestamp="2020-07-17T15:01:14 IST" skipped="0">
  <testcase classname="serviceRequest.getData" name="response" time="4.143"/>
  <system-out/>
</testsuite> <!-- serviceRequest.getData -->
