<?xml version="1.0" encoding="UTF-8"?>
<!-- Generated by org.testng.reporters.JUnitReportReporter -->
<testsuite hostname="Srikar" failures="0" tests="1" name="serviceRequest.NewTest" time="4.074" errors="0" timestamp="2020-07-18T15:13:38 IST" skipped="0">
  <testcase classname="serviceRequest.NewTest" name="f" time="4.074"/>
  <system-out/>
</testsuite> <!-- serviceRequest.NewTest -->
