<?xml version="1.0" encoding="UTF-8"?>
<!-- Generated by org.testng.reporters.JUnitReportReporter -->
<testsuite hostname="Srikar" failures="0" tests="1" name="serviceRequest.getData" time="4.047" errors="0" timestamp="2020-07-17T13:52:44 IST" skipped="0">
  <testcase classname="serviceRequest.getData" name="response" time="4.047"/>
  <system-out/>
</testsuite> <!-- serviceRequest.getData -->
