<?xml version="1.0" encoding="UTF-8"?>
<!-- Generated by org.testng.reporters.JUnitReportReporter -->
<testsuite hostname="Srikar" failures="0" tests="1" name="NewTest" time="2.872" errors="0" timestamp="2020-07-24T12:24:13 IST" skipped="0">
  <testcase classname="NewTest" name="f" time="2.872"/>
  <system-out/>
</testsuite> <!-- NewTest -->
