<?xml version="1.0" encoding="UTF-8"?>
<!-- Generated by org.testng.reporters.JUnitReportReporter -->
<testsuite hostname="Srikar" failures="0" tests="1" name="NewTest" time="12.632" errors="0" timestamp="2020-07-23T12:09:24 IST" skipped="0">
  <testcase classname="NewTest" name="f" time="12.632"/>
  <system-out/>
</testsuite> <!-- NewTest -->
